Build started 4/7/2021 10:45:27 AM.
     1>Project "C:\Users\Administrator\documents\visual studio 2010\Projects\trees\trees\trees.vcxproj" on node 2 (build target(s)).
     1>InitializeBuildStatus:
         Creating "Debug\trees.unsuccessfulbuild" because "AlwaysCreate" was specified.
       ClCompile:
         All outputs are up-to-date.
         c:\Program Files (x86)\Microsoft Visual Studio 10.0\VC\bin\CL.exe /c /ZI /nologo /W3 /WX- /Od /Oy- /D WIN32 /D _DEBUG /D _CONSOLE /D _UNICODE /D UNICODE /Gm /EHsc /RTC1 /MDd /GS /fp:precise /Zc:wchar_t /Zc:forScope /Yu"StdAfx.h" /Fp"Debug\trees.pch" /Fo"Debug\\" /Fd"Debug\vc100.pdb" /Gd /TP /analyze- /errorReport:prompt trees.cpp
         trees.cpp
     1>c:\users\administrator\documents\visual studio 2010\projects\trees\trees\trees.cpp(76): warning C4715: 'insertNode' : not all control paths return a value
     1>c:\users\administrator\documents\visual studio 2010\projects\trees\trees\trees.cpp(116): warning C4715: 'findNode' : not all control paths return a value
     1>c:\users\administrator\documents\visual studio 2010\projects\trees\trees\trees.cpp(100): warning C4700: uninitialized local variable 'temp' used
     1>c:\users\administrator\documents\visual studio 2010\projects\trees\trees\trees.cpp(151): warning C4715: 'inorder' : not all control paths return a value
     1>c:\users\administrator\documents\visual studio 2010\projects\trees\trees\trees.cpp(294): warning C4715: 'searchRoot' : not all control paths return a value
     1>c:\users\administrator\documents\visual studio 2010\projects\trees\trees\trees.cpp(406): warning C4715: 'insertBst' : not all control paths return a value
       ManifestResourceCompile:
         All outputs are up-to-date.
       Link:
         c:\Program Files (x86)\Microsoft Visual Studio 10.0\VC\bin\link.exe /ERRORREPORT:PROMPT /OUT:"C:\Users\Administrator\documents\visual studio 2010\Projects\trees\Debug\trees.exe" /INCREMENTAL /NOLOGO kernel32.lib user32.lib gdi32.lib winspool.lib comdlg32.lib advapi32.lib shell32.lib ole32.lib oleaut32.lib uuid.lib odbc32.lib odbccp32.lib /MANIFEST /ManifestFile:"Debug\trees.exe.intermediate.manifest" /MANIFESTUAC:"level='asInvoker' uiAccess='false'" /DEBUG /PDB:"C:\Users\Administrator\documents\visual studio 2010\Projects\trees\Debug\trees.pdb" /SUBSYSTEM:CONSOLE /TLBID:1 /DYNAMICBASE /NXCOMPAT /IMPLIB:"C:\Users\Administrator\documents\visual studio 2010\Projects\trees\Debug\trees.lib" /MACHINE:X86 Debug\trees.exe.embed.manifest.res
         Debug\stdafx.obj
         Debug\trees.obj
       Manifest:
         c:\Program Files (x86)\Microsoft SDKs\Windows\v7.0A\bin\mt.exe /nologo /verbose /out:"Debug\trees.exe.embed.manifest" /manifest Debug\trees.exe.intermediate.manifest
         All outputs are up-to-date.
       LinkEmbedManifest:
         All outputs are up-to-date.
         trees.vcxproj -> C:\Users\Administrator\documents\visual studio 2010\Projects\trees\Debug\trees.exe
       FinalizeBuildStatus:
         Deleting file "Debug\trees.unsuccessfulbuild".
         Touching "Debug\trees.lastbuildstate".
     1>Done Building Project "C:\Users\Administrator\documents\visual studio 2010\Projects\trees\trees\trees.vcxproj" (build target(s)).

Build succeeded.

Time Elapsed 00:00:00.70
